TN:
SF:src/app.js
FNF:0
FNH:0
DA:1,7
DA:2,7
DA:3,7
DA:4,7
DA:5,7
DA:6,7
DA:7,7
DA:8,7
DA:9,7
DA:10,7
DA:11,7
DA:12,7
DA:13,7
DA:14,1
DA:15,1
DA:16,1
DA:17,7
DA:18,7
DA:19,7
DA:20,7
DA:21,7
DA:22,7
DA:23,7
DA:24,7
DA:25,4
DA:26,4
DA:27,4
DA:28,4
DA:29,4
DA:30,4
DA:31,4
DA:32,4
DA:33,4
DA:34,4
DA:35,4
DA:36,4
DA:37,7
DA:38,7
DA:39,7
LF:39
LH:39
BRDA:1,0,0,7
BRDA:13,1,0,1
BRDA:24,2,0,4
BRDA:26,3,0,2
BRDA:26,4,0,0
BRF:5
BRH:4
end_of_record
TN:
SF:src/config/config.js
FNF:0
FNH:0
DA:1,7
DA:2,7
DA:3,7
DA:4,7
DA:5,7
DA:6,7
DA:7,7
DA:8,7
DA:9,7
DA:10,7
DA:11,7
DA:12,7
DA:13,7
DA:14,7
DA:15,7
DA:16,7
DA:17,7
DA:18,7
DA:19,7
DA:20,7
DA:21,7
DA:22,7
DA:23,7
DA:24,7
DA:25,7
DA:26,7
DA:27,7
DA:28,7
DA:29,7
DA:30,7
DA:31,7
DA:32,7
DA:33,7
LF:33
LH:33
BRDA:1,0,0,7
BRDA:8,1,0,0
BRF:2
BRH:1
end_of_record
TN:
SF:src/config/data-source.js
FNF:0
FNH:0
DA:1,7
DA:2,7
DA:3,7
DA:4,7
DA:5,7
DA:6,7
DA:7,7
DA:8,7
DA:9,7
DA:10,7
DA:11,7
DA:12,7
DA:13,7
DA:14,7
DA:15,7
DA:16,7
DA:17,7
DA:18,7
DA:19,7
DA:20,7
DA:21,7
LF:21
LH:21
BRDA:1,0,0,7
BRDA:16,1,0,0
BRDA:19,2,0,0
BRF:3
BRH:1
end_of_record
TN:
SF:src/config/logger.js
FNF:0
FNH:0
DA:1,7
DA:2,7
DA:3,7
DA:4,7
DA:5,7
DA:6,7
DA:7,7
DA:8,7
DA:9,7
DA:10,7
DA:11,7
DA:12,7
DA:13,7
DA:14,7
DA:15,7
DA:16,7
DA:17,7
DA:18,7
DA:19,7
DA:20,7
DA:21,7
DA:22,7
DA:23,7
DA:24,7
DA:25,7
DA:26,7
DA:27,7
DA:28,7
DA:29,7
DA:30,7
DA:31,7
DA:32,7
DA:33,7
DA:34,7
DA:35,7
DA:36,7
DA:37,7
DA:38,7
DA:39,7
DA:40,7
DA:41,7
LF:41
LH:41
BRDA:1,0,0,7
BRF:1
BRH:1
end_of_record
TN:
SF:src/constants/index.js
FNF:0
FNH:0
DA:1,7
DA:2,7
DA:3,7
DA:4,7
DA:5,7
LF:5
LH:5
BRDA:1,0,0,7
BRF:1
BRH:1
end_of_record
TN:
SF:src/controllers/AuthController.js
FN:5,<instance_members_initializer>
FN:11,AuthController
FN:19,register
FN:72,login
FN:138,self
FN:143,refresh
FN:194,logout
FNF:7
FNH:6
FNDA:7,<instance_members_initializer>
FNDA:7,AuthController
FNDA:14,register
FNDA:1,login
FNDA:3,self
FNDA:1,refresh
FNDA:0,logout
DA:1,7
DA:2,7
DA:3,7
DA:4,7
DA:5,7
DA:6,7
DA:7,7
DA:8,7
DA:9,7
DA:10,7
DA:11,7
DA:12,7
DA:13,7
DA:14,7
DA:15,7
DA:16,7
DA:17,7
DA:18,7
DA:19,7
DA:20,14
DA:21,14
DA:22,14
DA:23,14
DA:24,14
DA:25,2
DA:26,2
DA:27,12
DA:28,12
DA:29,12
DA:30,12
DA:31,12
DA:32,12
DA:33,12
DA:34,12
DA:35,12
DA:36,10
DA:37,10
DA:38,10
DA:39,10
DA:40,10
DA:41,10
DA:42,10
DA:43,10
DA:44,10
DA:45,10
DA:46,10
DA:47,10
DA:48,10
DA:49,10
DA:50,10
DA:51,10
DA:52,10
DA:53,10
DA:54,10
DA:55,10
DA:56,10
DA:57,10
DA:58,10
DA:59,10
DA:60,10
DA:61,10
DA:62,10
DA:63,10
DA:64,10
DA:65,10
DA:66,14
DA:67,2
DA:68,2
DA:69,2
DA:70,14
DA:71,7
DA:72,7
DA:73,1
DA:74,1
DA:75,1
DA:76,1
DA:77,1
DA:78,0
DA:79,0
DA:80,1
DA:81,1
DA:82,1
DA:83,1
DA:84,1
DA:85,1
DA:86,1
DA:87,0
DA:88,0
DA:89,0
DA:90,0
DA:91,1
DA:92,1
DA:93,1
DA:94,1
DA:95,1
DA:96,1
DA:97,1
DA:98,0
DA:99,0
DA:100,0
DA:101,0
DA:102,1
DA:103,1
DA:104,1
DA:105,1
DA:106,1
DA:107,1
DA:108,1
DA:109,1
DA:110,1
DA:111,1
DA:112,1
DA:113,1
DA:114,1
DA:115,1
DA:116,1
DA:117,1
DA:118,1
DA:119,1
DA:120,1
DA:121,1
DA:122,1
DA:123,1
DA:124,1
DA:125,1
DA:126,1
DA:127,1
DA:128,1
DA:129,1
DA:130,1
DA:131,1
DA:132,1
DA:133,0
DA:134,0
DA:135,0
DA:136,1
DA:137,7
DA:138,7
DA:139,3
DA:140,3
DA:141,3
DA:142,7
DA:143,7
DA:144,1
DA:145,1
DA:146,1
DA:147,1
DA:148,1
DA:149,1
DA:150,1
DA:151,1
DA:152,1
DA:153,0
DA:154,0
DA:155,0
DA:156,0
DA:157,0
DA:158,0
DA:159,0
DA:160,1
DA:161,1
DA:162,1
DA:163,1
DA:164,1
DA:165,1
DA:166,1
DA:167,1
DA:168,1
DA:169,1
DA:170,1
DA:171,1
DA:172,1
DA:173,1
DA:174,1
DA:175,1
DA:176,1
DA:177,1
DA:178,1
DA:179,1
DA:180,1
DA:181,1
DA:182,1
DA:183,1
DA:184,1
DA:185,1
DA:186,1
DA:187,1
DA:188,1
DA:189,0
DA:190,0
DA:191,0
DA:192,1
DA:193,7
DA:194,7
DA:195,0
DA:196,0
DA:197,0
DA:198,0
DA:199,0
DA:200,0
DA:201,0
DA:202,0
DA:203,0
DA:204,0
DA:205,0
DA:206,0
DA:207,0
DA:208,0
DA:209,0
DA:210,0
DA:211,7
LF:211
LH:172
BRDA:1,0,0,7
BRDA:5,1,0,7
BRDA:11,2,0,7
BRDA:19,3,0,14
BRDA:24,4,0,2
BRDA:27,5,0,12
BRDA:36,6,0,10
BRDA:66,7,0,2
BRDA:72,8,0,1
BRDA:77,9,0,0
BRDA:86,10,0,0
BRDA:97,11,0,0
BRDA:105,12,0,0
BRDA:132,13,0,0
BRDA:138,14,0,3
BRDA:143,15,0,1
BRDA:147,16,0,0
BRDA:152,17,0,0
BRDA:188,18,0,0
BRF:19
BRH:11
end_of_record
TN:
SF:src/controllers/TenantController.js
FN:3,<instance_members_initializer>
FN:6,TenantController
FN:11,create
FN:24,getAllTenants
FN:34,getTenant
FN:50,updateTenant
FN:65,deleteTenant
FNF:7
FNH:2
FNDA:7,<instance_members_initializer>
FNDA:7,TenantController
FNDA:0,create
FNDA:0,getAllTenants
FNDA:0,getTenant
FNDA:0,updateTenant
FNDA:0,deleteTenant
DA:1,7
DA:2,7
DA:3,7
DA:4,7
DA:5,7
DA:6,7
DA:7,7
DA:8,7
DA:9,7
DA:10,7
DA:11,7
DA:12,0
DA:13,0
DA:14,0
DA:15,0
DA:16,0
DA:17,0
DA:18,0
DA:19,0
DA:20,0
DA:21,0
DA:22,0
DA:23,7
DA:24,7
DA:25,0
DA:26,0
DA:27,0
DA:28,0
DA:29,0
DA:30,0
DA:31,0
DA:32,0
DA:33,7
DA:34,7
DA:35,0
DA:36,0
DA:37,0
DA:38,0
DA:39,0
DA:40,0
DA:41,0
DA:42,0
DA:43,0
DA:44,0
DA:45,0
DA:46,0
DA:47,0
DA:48,0
DA:49,7
DA:50,7
DA:51,0
DA:52,0
DA:53,0
DA:54,0
DA:55,0
DA:56,0
DA:57,0
DA:58,0
DA:59,0
DA:60,0
DA:61,0
DA:62,0
DA:63,0
DA:64,7
DA:65,7
DA:66,0
DA:67,0
DA:68,0
DA:69,0
DA:70,0
DA:71,0
DA:72,0
DA:73,0
DA:74,0
DA:75,7
LF:75
LH:20
BRDA:1,0,0,7
BRDA:3,1,0,7
BRDA:6,2,0,7
BRF:3
BRH:3
end_of_record
TN:
SF:src/controllers/UserController.js
FN:4,<instance_members_initializer>
FN:8,UserController
FN:12,create
FN:30,getAllUsers
FN:43,getUser
FN:54,update
FN:79,delete
FNF:7
FNH:2
FNDA:7,<instance_members_initializer>
FNDA:7,UserController
FNDA:0,create
FNDA:0,getAllUsers
FNDA:0,getUser
FNDA:0,update
FNDA:0,delete
DA:1,7
DA:2,7
DA:3,7
DA:4,7
DA:5,7
DA:6,7
DA:7,7
DA:8,7
DA:9,7
DA:10,7
DA:11,7
DA:12,7
DA:13,0
DA:14,0
DA:15,0
DA:16,0
DA:17,0
DA:18,0
DA:19,0
DA:20,0
DA:21,0
DA:22,0
DA:23,0
DA:24,0
DA:25,0
DA:26,0
DA:27,0
DA:28,0
DA:29,7
DA:30,7
DA:31,0
DA:32,0
DA:33,0
DA:34,0
DA:35,0
DA:36,0
DA:37,0
DA:38,0
DA:39,0
DA:40,0
DA:41,0
DA:42,0
DA:43,7
DA:44,0
DA:45,0
DA:46,0
DA:47,0
DA:48,0
DA:49,0
DA:50,0
DA:51,0
DA:52,0
DA:53,7
DA:54,7
DA:55,0
DA:56,0
DA:57,0
DA:58,0
DA:59,0
DA:60,0
DA:61,0
DA:62,0
DA:63,0
DA:64,0
DA:65,0
DA:66,0
DA:67,0
DA:68,0
DA:69,0
DA:70,0
DA:71,0
DA:72,0
DA:73,0
DA:74,0
DA:75,0
DA:76,0
DA:77,0
DA:78,7
DA:79,7
DA:80,0
DA:81,0
DA:82,0
DA:83,0
DA:84,0
DA:85,0
DA:86,0
DA:87,0
DA:88,0
DA:89,0
DA:90,0
DA:91,0
DA:92,0
DA:93,0
DA:94,7
LF:94
LH:20
BRDA:1,0,0,7
BRDA:4,1,0,7
BRDA:8,2,0,7
BRF:3
BRH:3
end_of_record
TN:
SF:src/entity/RefreshToken.js
FN:18,default
FN:23,default
FN:24,onUpdate
FNF:3
FNH:2
FNDA:44,default
FNDA:44,default
FNDA:0,onUpdate
DA:1,7
DA:2,7
DA:3,7
DA:4,7
DA:5,7
DA:6,7
DA:7,7
DA:8,7
DA:9,7
DA:10,7
DA:11,7
DA:12,7
DA:13,7
DA:14,7
DA:15,7
DA:16,7
DA:17,7
DA:18,7
DA:19,7
DA:20,7
DA:21,7
DA:22,7
DA:23,7
DA:24,7
DA:25,7
DA:26,7
DA:27,7
DA:28,7
DA:29,7
DA:30,7
DA:31,7
DA:32,7
DA:33,7
DA:34,7
LF:34
LH:34
BRDA:1,0,0,7
BRDA:18,1,0,44
BRDA:23,2,0,44
BRF:3
BRH:3
end_of_record
TN:
SF:src/entity/Tenants.js
FNF:0
FNH:0
DA:1,7
DA:2,7
DA:3,7
DA:4,7
DA:5,7
DA:6,7
DA:7,7
DA:8,7
DA:9,7
DA:10,7
DA:11,7
DA:12,7
DA:13,7
DA:14,7
DA:15,7
DA:16,7
DA:17,7
DA:18,7
DA:19,7
DA:20,7
DA:21,7
DA:22,7
DA:23,7
DA:24,7
DA:25,7
DA:26,7
DA:27,7
DA:28,7
LF:28
LH:28
BRDA:1,0,0,7
BRF:1
BRH:1
end_of_record
TN:
SF:src/entity/User.js
FNF:0
FNH:0
DA:1,7
DA:2,7
DA:3,7
DA:4,7
DA:5,7
DA:6,7
DA:7,7
DA:8,7
DA:9,7
DA:10,7
DA:11,7
DA:12,7
DA:13,7
DA:14,7
DA:15,7
DA:16,7
DA:17,7
DA:18,7
DA:19,7
DA:20,7
DA:21,7
DA:22,7
DA:23,7
DA:24,7
DA:25,7
DA:26,7
DA:27,7
DA:28,7
DA:29,7
DA:30,7
DA:31,7
DA:32,7
DA:33,7
DA:34,7
DA:35,7
DA:36,7
DA:37,7
DA:38,7
DA:39,7
DA:40,7
DA:41,7
DA:42,7
DA:43,7
DA:44,7
DA:45,7
DA:46,7
DA:47,7
DA:48,7
DA:49,7
LF:49
LH:49
BRDA:1,0,0,7
BRF:1
BRH:1
end_of_record
TN:
SF:src/middleware/authenticate.js
FN:13,getToken
FNF:1
FNH:1
FNDA:4,getToken
DA:1,7
DA:2,7
DA:3,7
DA:4,7
DA:5,7
DA:6,7
DA:7,7
DA:8,7
DA:9,7
DA:10,7
DA:11,7
DA:12,7
DA:13,7
DA:14,4
DA:15,4
DA:16,0
DA:17,0
DA:18,0
DA:19,0
DA:20,0
DA:21,0
DA:22,4
DA:23,4
DA:24,7
DA:25,7
LF:25
LH:19
BRDA:1,0,0,7
BRDA:13,1,0,4
BRDA:15,2,0,0
BRDA:15,3,0,0
BRF:4
BRH:2
end_of_record
TN:
SF:src/middleware/canAccess.js
FN:4,canAccess
FNF:1
FNH:1
FNDA:49,canAccess
DA:1,7
DA:2,7
DA:3,7
DA:4,7
DA:5,49
DA:6,0
DA:7,0
DA:8,0
DA:9,0
DA:10,0
DA:11,0
DA:12,0
DA:13,0
DA:14,0
DA:15,0
DA:16,0
DA:17,0
DA:18,0
DA:19,0
DA:20,0
DA:21,49
DA:22,7
LF:22
LH:7
BRDA:1,0,0,7
BRDA:4,1,0,49
BRF:2
BRH:2
end_of_record
TN:
SF:src/middleware/parseToken.js
FN:7,getToken
FNF:1
FNH:0
FNDA:0,getToken
DA:1,7
DA:2,7
DA:3,7
DA:4,7
DA:5,7
DA:6,7
DA:7,7
DA:8,0
DA:9,0
DA:10,7
DA:11,7
DA:12,7
DA:13,7
LF:13
LH:11
BRDA:1,0,0,7
BRF:1
BRH:1
end_of_record
TN:
SF:src/middleware/validateRefresh.js
FN:10,getToken
FN:14,isRevoked
FNF:2
FNH:2
FNDA:2,getToken
FNDA:1,isRevoked
DA:1,7
DA:2,7
DA:3,7
DA:4,7
DA:5,7
DA:6,7
DA:7,7
DA:8,7
DA:9,7
DA:10,7
DA:11,2
DA:12,2
DA:13,7
DA:14,7
DA:15,1
DA:16,1
DA:17,1
DA:18,1
DA:19,1
DA:20,1
DA:21,1
DA:22,1
DA:23,1
DA:24,1
DA:25,1
DA:26,1
DA:27,0
DA:28,0
DA:29,0
DA:30,7
DA:31,7
DA:32,7
DA:33,7
LF:33
LH:30
BRDA:1,0,0,7
BRDA:10,1,0,2
BRDA:14,2,0,1
BRDA:26,3,0,0
BRF:4
BRH:3
end_of_record
TN:
SF:src/routes/auth.routes.js
FNF:0
FNH:0
DA:1,7
DA:2,7
DA:3,7
DA:4,7
DA:5,7
DA:6,7
DA:7,7
DA:8,7
DA:9,7
DA:10,7
DA:11,7
DA:12,7
DA:13,7
DA:14,7
DA:15,7
DA:16,7
DA:17,7
DA:18,7
DA:19,7
DA:20,7
DA:21,7
DA:22,7
DA:23,7
DA:24,7
DA:25,7
DA:26,7
DA:27,7
DA:28,7
DA:29,7
DA:30,7
DA:31,7
DA:32,7
DA:33,7
DA:34,7
DA:35,7
DA:36,7
DA:37,7
DA:38,7
DA:39,7
DA:40,7
DA:41,7
DA:42,7
DA:43,7
DA:44,7
DA:45,7
DA:46,7
DA:47,7
DA:48,7
LF:48
LH:48
BRDA:1,0,0,7
BRDA:29,1,0,14
BRDA:33,2,0,1
BRDA:37,3,0,3
BRDA:41,4,0,1
BRF:5
BRH:5
end_of_record
TN:
SF:src/routes/tenant.routes.js
FNF:0
FNH:0
DA:1,7
DA:2,7
DA:3,7
DA:4,7
DA:5,7
DA:6,7
DA:7,7
DA:8,7
DA:9,7
DA:10,7
DA:11,7
DA:12,7
DA:13,7
DA:14,7
DA:15,7
DA:16,7
DA:17,7
DA:18,7
DA:19,7
DA:20,7
DA:21,7
DA:22,7
DA:23,7
DA:24,7
DA:25,7
DA:26,7
DA:27,7
DA:28,7
DA:29,7
DA:30,7
DA:31,7
DA:32,7
DA:33,7
DA:34,7
DA:35,7
DA:36,7
DA:37,7
DA:38,7
DA:39,7
DA:40,7
DA:41,7
DA:42,7
DA:43,7
DA:44,7
LF:44
LH:44
BRDA:1,0,0,7
BRF:1
BRH:1
end_of_record
TN:
SF:src/routes/user.routes.js
FNF:0
FNH:0
DA:1,7
DA:2,7
DA:3,7
DA:4,7
DA:5,7
DA:6,7
DA:7,7
DA:8,7
DA:9,7
DA:10,7
DA:11,7
DA:12,7
DA:13,7
DA:14,7
DA:15,7
DA:16,7
DA:17,7
DA:18,7
DA:19,7
DA:20,7
DA:21,7
DA:22,7
DA:23,7
DA:24,7
DA:25,7
DA:26,7
DA:27,7
DA:28,7
DA:29,7
DA:30,7
DA:31,7
DA:32,7
DA:33,7
DA:34,7
DA:35,7
DA:36,7
DA:37,7
DA:38,7
LF:38
LH:38
BRDA:1,0,0,7
BRF:1
BRH:1
end_of_record
TN:
SF:src/services/CredentialService.js
FN:3,comparePassword
FNF:1
FNH:1
FNDA:1,comparePassword
DA:1,7
DA:2,7
DA:3,7
DA:4,1
DA:5,1
DA:6,7
LF:6
LH:6
BRDA:1,0,0,7
BRDA:3,1,0,1
BRF:2
BRH:2
end_of_record
TN:
SF:src/services/TenantService.js
FN:4,TenantService
FN:7,create
FN:16,getAllTenants
FN:25,getTenantById
FN:34,updateTenantById
FN:52,deleteTenantById
FNF:6
FNH:1
FNDA:7,TenantService
FNDA:0,create
FNDA:0,getAllTenants
FNDA:0,getTenantById
FNDA:0,updateTenantById
FNDA:0,deleteTenantById
DA:1,7
DA:2,7
DA:3,7
DA:4,7
DA:5,7
DA:6,7
DA:7,7
DA:8,0
DA:9,0
DA:10,0
DA:11,0
DA:12,0
DA:13,0
DA:14,0
DA:15,7
DA:16,7
DA:17,0
DA:18,0
DA:19,0
DA:20,0
DA:21,0
DA:22,0
DA:23,0
DA:24,7
DA:25,7
DA:26,0
DA:27,0
DA:28,0
DA:29,0
DA:30,0
DA:31,0
DA:32,0
DA:33,7
DA:34,7
DA:35,0
DA:36,0
DA:37,0
DA:38,0
DA:39,0
DA:40,0
DA:41,0
DA:42,0
DA:43,0
DA:44,0
DA:45,0
DA:46,0
DA:47,0
DA:48,0
DA:49,0
DA:50,0
DA:51,7
DA:52,7
DA:53,0
DA:54,0
DA:55,0
DA:56,0
DA:57,0
DA:58,0
DA:59,0
DA:60,0
DA:61,0
DA:62,0
DA:63,0
DA:64,0
DA:65,7
LF:65
LH:16
BRDA:1,0,0,7
BRDA:4,1,0,7
BRF:2
BRH:2
end_of_record
TN:
SF:src/services/TokenServices.js
FN:9,TokenService
FN:12,generateAccessToken
FN:34,generateRefreshToken
FN:45,persistRefreshToken
FN:54,deleteRefreshToken
FNF:5
FNH:5
FNDA:7,TokenService
FNDA:12,generateAccessToken
FNDA:12,generateRefreshToken
FNDA:12,persistRefreshToken
FNDA:1,deleteRefreshToken
DA:1,7
DA:2,7
DA:3,7
DA:4,7
DA:5,7
DA:6,7
DA:7,7
DA:8,7
DA:9,7
DA:10,7
DA:11,7
DA:12,7
DA:13,12
DA:14,12
DA:15,12
DA:16,12
DA:17,12
DA:18,12
DA:19,12
DA:20,12
DA:21,0
DA:22,0
DA:23,0
DA:24,12
DA:25,12
DA:26,12
DA:27,12
DA:28,12
DA:29,12
DA:30,12
DA:31,12
DA:32,12
DA:33,7
DA:34,7
DA:35,12
DA:36,12
DA:37,12
DA:38,12
DA:39,12
DA:40,12
DA:41,12
DA:42,12
DA:43,12
DA:44,7
DA:45,7
DA:46,12
DA:47,12
DA:48,12
DA:49,12
DA:50,12
DA:51,12
DA:52,12
DA:53,7
DA:54,7
DA:55,1
DA:56,1
DA:57,1
DA:58,1
DA:59,7
LF:59
LH:56
BRDA:1,0,0,7
BRDA:9,1,0,7
BRDA:12,2,0,12
BRDA:20,3,0,0
BRDA:34,4,0,12
BRDA:45,5,0,12
BRDA:54,6,0,1
BRF:7
BRH:6
end_of_record
TN:
SF:src/services/UserService.js
FN:4,UserService
FN:7,create
FN:40,findByEmail
FN:48,findByEmailWithPassword
FN:56,findById
FN:64,getAllUsers
FN:68,updateUser
FN:86,deleteUser
FNF:8
FNH:4
FNDA:14,UserService
FNDA:12,create
FNDA:0,findByEmail
FNDA:1,findByEmailWithPassword
FNDA:4,findById
FNDA:0,getAllUsers
FNDA:0,updateUser
FNDA:0,deleteUser
DA:1,7
DA:2,7
DA:3,7
DA:4,7
DA:5,14
DA:6,14
DA:7,7
DA:8,12
DA:9,12
DA:10,12
DA:11,12
DA:12,12
DA:13,12
DA:14,2
DA:15,2
DA:16,2
DA:17,10
DA:18,10
DA:19,10
DA:20,10
DA:21,10
DA:22,10
DA:23,10
DA:24,10
DA:25,10
DA:26,12
DA:27,12
DA:28,12
DA:29,2
DA:30,2
DA:31,2
DA:32,0
DA:33,0
DA:34,0
DA:35,0
DA:36,0
DA:37,0
DA:38,12
DA:39,7
DA:40,7
DA:41,0
DA:42,0
DA:43,0
DA:44,0
DA:45,0
DA:46,0
DA:47,7
DA:48,7
DA:49,1
DA:50,1
DA:51,1
DA:52,1
DA:53,1
DA:54,1
DA:55,7
DA:56,7
DA:57,4
DA:58,4
DA:59,4
DA:60,4
DA:61,4
DA:62,4
DA:63,7
DA:64,7
DA:65,0
DA:66,0
DA:67,7
DA:68,7
DA:69,0
DA:70,0
DA:71,0
DA:72,0
DA:73,0
DA:74,0
DA:75,0
DA:76,0
DA:77,0
DA:78,0
DA:79,0
DA:80,0
DA:81,0
DA:82,0
DA:83,0
DA:84,0
DA:85,7
DA:86,7
DA:87,0
DA:88,0
DA:89,0
DA:90,0
DA:91,0
DA:92,0
DA:93,0
DA:94,0
DA:95,0
DA:96,0
DA:97,7
DA:98,7
LF:98
LH:58
BRDA:1,0,0,7
BRDA:4,1,0,14
BRDA:7,2,0,12
BRDA:13,3,0,2
BRDA:17,4,0,10
BRDA:26,5,0,0
BRDA:26,6,0,10
BRDA:28,7,0,2
BRDA:32,8,0,0
BRDA:48,9,0,1
BRDA:56,10,0,4
BRF:11
BRH:9
end_of_record
TN:
SF:src/utils/utils.js
FN:4,truncateTable
FN:13,isJwt
FNF:2
FNH:1
FNDA:0,truncateTable
FNDA:2,isJwt
DA:1,1
DA:2,1
DA:3,1
DA:4,1
DA:5,0
DA:6,0
DA:7,0
DA:8,0
DA:9,0
DA:10,0
DA:11,1
DA:12,1
DA:13,1
DA:14,2
DA:15,0
DA:16,0
DA:17,2
DA:18,2
DA:19,2
DA:20,0
DA:21,0
DA:22,2
DA:23,2
DA:24,2
DA:25,6
DA:26,2
DA:27,2
DA:28,2
DA:29,0
DA:30,0
DA:31,1
LF:31
LH:19
BRDA:1,0,0,1
BRDA:13,1,0,2
BRDA:14,2,0,0
BRDA:19,3,0,0
BRDA:28,4,0,0
BRDA:24,5,0,6
BRF:6
BRH:3
end_of_record
TN:
SF:src/validators/login-validators.js
FNF:0
FNH:0
DA:1,7
DA:2,7
DA:3,7
DA:4,7
DA:5,7
DA:6,7
DA:7,7
DA:8,7
DA:9,7
DA:10,7
DA:11,7
DA:12,7
DA:13,7
DA:14,7
DA:15,7
DA:16,7
DA:17,7
DA:18,7
DA:19,7
DA:20,7
DA:21,7
DA:22,7
DA:23,7
DA:24,7
LF:24
LH:24
BRDA:1,0,0,7
BRF:1
BRH:1
end_of_record
TN:
SF:src/validators/register-validators.js
FNF:0
FNH:0
DA:1,7
DA:2,7
DA:3,7
DA:4,7
DA:5,7
DA:6,7
DA:7,7
DA:8,7
DA:9,7
DA:10,7
DA:11,7
DA:12,7
DA:13,7
DA:14,7
DA:15,7
DA:16,7
DA:17,7
DA:18,7
DA:19,7
DA:20,7
DA:21,7
DA:22,7
DA:23,7
DA:24,7
DA:25,7
DA:26,7
DA:27,7
DA:28,7
DA:29,7
DA:30,7
DA:31,7
DA:32,7
DA:33,7
DA:34,7
DA:35,7
DA:36,7
DA:37,7
DA:38,7
DA:39,7
DA:40,7
DA:41,7
DA:42,7
DA:43,7
DA:44,7
DA:45,7
DA:46,7
LF:46
LH:46
BRDA:1,0,0,7
BRF:1
BRH:1
end_of_record
